<?xml version="1.0" encoding="UTF-8"?>
<!-- Generated by org.testng.reporters.JUnitReportReporter -->
<testsuite hostname="MONAMIS-WIN10" failures="0" tests="1" name="Orangehrmlive.testcases.testbrokenlinks" time="20.332" errors="0" timestamp="2025-01-23T21:45:33 IST" skipped="0">
  <testcase classname="Orangehrmlive.testcases.testbrokenlinks" name="brokenlinktest" time="20.332"/>
</testsuite> <!-- Orangehrmlive.testcases.testbrokenlinks -->
